<?xml version="1.0" encoding="UTF-8"?>
<testsuite xmlns:xsi="http://www.w3.org/2001/XMLSchema-instance" xsi:noNamespaceSchemaLocation="https://maven.apache.org/surefire/maven-surefire-plugin/xsd/surefire-test-report-3.0.xsd" version="3.0" name="TestSuite" time="129.515" tests="5" errors="0" skipped="0" failures="1">
  <properties>
[...]
</properties>
  <testcase name="verifyUserLoginIn" classname="pmTechExAutomation.TestCases.AccountActivationRegression" time="17.581"/>
  <testcase name="verifyAccountActivationFirstStep" classname="pmTechExAutomation.TestCases.AccountActivationRegression" time="47.396"/>
  <testcase name="verifyAccountActivationSecondStep" classname="pmTechExAutomation.TestCases.AccountActivationRegression" time="16.469"/>
  <testcase name="verifyAccountActivationSecondStepInitialValues" classname="pmTechExAutomation.TestCases.AccountActivationRegression" time="0.161"/>
  <testcase name="verifyAccountActivationSecondStepErrorHandling" classname="pmTechExAutomation.TestCases.AccountActivationRegression" time="36.763">
    <failure message="no such element: Unable to locate element: {&quot;method&quot;:&quot;xpath&quot;,&quot;selector&quot;:&quot;//p[contains(text(), &apos;The value for business handle cannot be the default value.&apos;)]&quot;}&#10;  (Session info: chrome=116.0.5845.140)&#10;For documentation on this error, please visit: https://selenium.dev/exceptions/#no_such_element&#10;Build info: version: &apos;4.9.0&apos;, revision: &apos;d7057100a6&apos;&#10;System info: os.name: &apos;Mac OS X&apos;, os.arch: &apos;x86_64&apos;, os.version: &apos;12.4&apos;, java.version: &apos;17.0.3.1&apos;&#10;Driver info: org.openqa.selenium.chrome.ChromeDriver&#10;Command: [1c512e2342b507d9bda684596fa84b46, findElement {using=xpath, value=//p[contains(text(), &apos;The value for business handle cannot be the default value.&apos;)]}]&#10;Capabilities {acceptInsecureCerts: false, browserName: chrome, browserVersion: 116.0.5845.140, chrome: {chromedriverVersion: 116.0.5845.96 (1a3918166880..., userDataDir: /var/folders/8f/wxgc9x1906q...}, fedcm:accounts: true, goog:chromeOptions: {debuggerAddress: localhost:50855}, networkConnectionEnabled: false, pageLoadStrategy: normal, platformName: MAC, proxy: Proxy(), se:cdp: ws://localhost:50855/devtoo..., se:cdpVersion: 116.0.5845.140, setWindowRect: true, strictFileInteractability: false, timeouts: {implicit: 0, pageLoad: 300000, script: 30000}, unhandledPromptBehavior: dismiss and notify, webauthn:extension:credBlob: true, webauthn:extension:largeBlob: true, webauthn:extension:minPinLength: true, webauthn:extension:prf: true, webauthn:virtualAuthenticators: true}&#10;Session ID: 1c512e2342b507d9bda684596fa84b46" type="org.openqa.selenium.NoSuchElementException"><![CDATA[org.openqa.selenium.NoSuchElementException: 
no such element: Unable to locate element: {"method":"xpath","selector":"//p[contains(text(), 'The value for business handle cannot be the default value.')]"}
  (Session info: chrome=116.0.5845.140)
For documentation on this error, please visit: https://selenium.dev/exceptions/#no_such_element
Build info: version: '4.9.0', revision: 'd7057100a6'
System info: os.name: 'Mac OS X', os.arch: 'x86_64', os.version: '12.4', java.version: '17.0.3.1'
Driver info: org.openqa.selenium.chrome.ChromeDriver
Command: [1c512e2342b507d9bda684596fa84b46, findElement {using=xpath, value=//p[contains(text(), 'The value for business handle cannot be the default value.')]}]
Capabilities {acceptInsecureCerts: false, browserName: chrome, browserVersion: 116.0.5845.140, chrome: {chromedriverVersion: 116.0.5845.96 (1a3918166880..., userDataDir: /var/folders/8f/wxgc9x1906q...}, fedcm:accounts: true, goog:chromeOptions: {debuggerAddress: localhost:50855}, networkConnectionEnabled: false, pageLoadStrategy: normal, platformName: MAC, proxy: Proxy(), se:cdp: ws://localhost:50855/devtoo..., se:cdpVersion: 116.0.5845.140, setWindowRect: true, strictFileInteractability: false, timeouts: {implicit: 0, pageLoad: 300000, script: 30000}, unhandledPromptBehavior: dismiss and notify, webauthn:extension:credBlob: true, webauthn:extension:largeBlob: true, webauthn:extension:minPinLength: true, webauthn:extension:prf: true, webauthn:virtualAuthenticators: true}
Session ID: 1c512e2342b507d9bda684596fa84b46
	at pmTechExAutomation.TestCases.AccountActivationRegression.verifySubmitOfDefaultBusinessHandleSecondStepForm(AccountActivationRegression.java:224)
	at pmTechExAutomation.TestCases.AccountActivationRegression.verifyAccountActivationSecondStepErrorHandling(AccountActivationRegression.java:134)
]]></failure>
    <system-out><![CDATA[HELLO!!!!!!!!!!!]]></system-out>
  </testcase>
</testsuite>